SF:lib/domain/wc_base_error.dart
DA:13,3
DA:42,1
DA:44,1
LF:3
LH:3
end_of_record
SF:lib/ui/wc_alert.dart
DA:42,1
DA:49,1
DA:51,1
DA:52,1
DA:54,1
DA:55,1
DA:56,1
DA:57,1
DA:59,1
DA:61,1
DA:62,1
DA:63,1
DA:64,1
DA:66,1
DA:68,1
DA:69,1
DA:70,1
DA:71,1
DA:72,2
DA:73,1
DA:74,1
DA:75,1
DA:79,1
DA:80,2
DA:83,1
DA:84,1
DA:85,1
DA:88,1
DA:89,2
DA:90,2
DA:106,1
DA:113,1
DA:114,1
DA:115,2
DA:119,1
DA:121,1
DA:130,1
DA:132,3
LF:38
LH:38
end_of_record
SF:lib/ui/wc_modal.dart
DA:47,1
DA:57,1
DA:59,1
DA:60,1
DA:63,1
DA:64,1
DA:65,1
DA:66,1
DA:68,1
DA:70,1
DA:71,1
DA:72,1
DA:73,1
DA:74,1
DA:78,1
DA:79,1
DA:80,1
DA:81,1
DA:82,2
DA:83,1
DA:84,1
DA:85,1
DA:89,1
DA:90,2
DA:93,1
DA:94,1
DA:95,1
DA:98,1
DA:99,2
DA:100,2
DA:104,1
DA:105,1
DA:107,1
DA:108,1
DA:109,1
DA:122,1
DA:135,1
DA:138,1
DA:139,2
DA:141,1
DA:143,1
DA:146,1
DA:152,1
DA:154,1
DA:156,1
DA:157,1
DA:166,1
DA:168,3
DA:169,1
DA:170,1
LF:50
LH:50
end_of_record
